<?xml version="1.0" encoding="UTF-8"?>
<!-- Generated by org.testng.reporters.JUnitXMLReporter -->
<testsuite ignored="1" hostname="LAPTOP-0AE5AE9K" failures="0" tests="8" name="Catalog Test" time="18.363" errors="0" timestamp="2025-08-02T15:16:55 ICT">
  <testcase classname="com.juaracoding.apitest.GroupTest" name="tc0001" time="3.942"/>
  <testcase classname="com.juaracoding.apitest.GroupTest" name="tc0002" time="2.038"/>
  <testcase classname="com.juaracoding.apitest.GroupTest" name="tc0003" time="2.039"/>
  <testcase classname="com.juaracoding.apitest.PlansTest" name="tc0001" time="2.048"/>
  <testcase classname="com.juaracoding.apitest.PlansTest" name="tc0002" time="2.027"/>
  <testcase classname="com.juaracoding.apitest.GroupItemsTest" name="tc0001" time="2.036"/>
  <testcase classname="com.juaracoding.apitest.GroupItemsTest" name="tc0002" time="2.026"/>
  <testcase classname="com.juaracoding.apitest.GroupItemsTest" name="tc0003" time="2.088"/>
  <testcase classname="com.juaracoding.apitest.PlansTest" name="tc0003" time="0.0">
    <ignored/>
  </testcase> <!-- tc0003 -->
</testsuite> <!-- Catalog Test -->
