<?xml version="1.0" encoding="UTF-8"?>
<testsuite xmlns:xsi="http://www.w3.org/2001/XMLSchema-instance" xsi:noNamespaceSchemaLocation="https://maven.apache.org/surefire/maven-surefire-plugin/xsd/surefire-test-report-3.0.xsd" version="3.0" name="TestSuite" time="19.202" tests="8" errors="0" skipped="0" failures="0">
  <properties>
[...]
</properties>
  <testcase name="tc0001" classname="com.juaracoding.apitest.GroupTest" time="3.95">
    <system-err><![CDATA[SLF4J: Failed to load class "org.slf4j.impl.StaticLoggerBinder".
SLF4J: Defaulting to no-operation (NOP) logger implementation
SLF4J: See http://www.slf4j.org/codes.html#StaticLoggerBinder for further details.
]]></system-err>
  </testcase>
  <testcase name="tc0002" classname="com.juaracoding.apitest.GroupTest" time="2.037"/>
  <testcase name="tc0003" classname="com.juaracoding.apitest.GroupTest" time="2.038"/>
  <testcase name="tc0001" classname="com.juaracoding.apitest.PlansTest" time="2.049"/>
  <testcase name="tc0002" classname="com.juaracoding.apitest.PlansTest" time="2.029"/>
  <testcase name="tc0001" classname="com.juaracoding.apitest.GroupItemsTest" time="2.037"/>
  <testcase name="tc0002" classname="com.juaracoding.apitest.GroupItemsTest" time="2.028"/>
  <testcase name="tc0003" classname="com.juaracoding.apitest.GroupItemsTest" time="2.092"/>
</testsuite>